<?xml version="1.0" encoding="UTF-8"?>
<!-- Generated by org.testng.reporters.JUnitReportReporter -->
<testsuite skipped="0" hostname="chenjuan" name="com.music.allureTest.DataDrivenInvoke" tests="60" failures="0" timestamp="25 六月 2019 00:58:54 GMT" time="0.496" errors="0">
  <testcase name="f" time="0.004" classname="com.music.allureTest.DataDrivenInvoke"/>
  <testcase name="f" time="0.004" classname="com.music.allureTest.DataDrivenInvoke"/>
  <testcase name="f" time="0.004" classname="com.music.allureTest.DataDrivenInvoke"/>
  <testcase name="f" time="0.003" classname="com.music.allureTest.DataDrivenInvoke"/>
  <testcase name="f" time="0.014" classname="com.music.allureTest.DataDrivenInvoke"/>
  <testcase name="f" time="0.004" classname="com.music.allureTest.DataDrivenInvoke"/>
  <testcase name="f" time="0.003" classname="com.music.allureTest.DataDrivenInvoke"/>
  <testcase name="f" time="0.004" classname="com.music.allureTest.DataDrivenInvoke"/>
  <testcase name="f" time="0.003" classname="com.music.allureTest.DataDrivenInvoke"/>
  <testcase name="f" time="0.005" classname="com.music.allureTest.DataDrivenInvoke"/>
  <testcase name="f" time="0.003" classname="com.music.allureTest.DataDrivenInvoke"/>
  <testcase name="f" time="0.002" classname="com.music.allureTest.DataDrivenInvoke"/>
  <testcase name="f" time="0.012" classname="com.music.allureTest.DataDrivenInvoke"/>
  <testcase name="f" time="0.012" classname="com.music.allureTest.DataDrivenInvoke"/>
  <testcase name="f" time="0.003" classname="com.music.allureTest.DataDrivenInvoke"/>
  <testcase name="f" time="0.017" classname="com.music.allureTest.DataDrivenInvoke"/>
  <testcase name="f" time="0.003" classname="com.music.allureTest.DataDrivenInvoke"/>
  <testcase name="f" time="0.002" classname="com.music.allureTest.DataDrivenInvoke"/>
  <testcase name="f" time="0.004" classname="com.music.allureTest.DataDrivenInvoke"/>
  <testcase name="f" time="0.002" classname="com.music.allureTest.DataDrivenInvoke"/>
  <testcase name="f" time="0.005" classname="com.music.allureTest.DataDrivenInvoke"/>
  <testcase name="f" time="0.003" classname="com.music.allureTest.DataDrivenInvoke"/>
  <testcase name="f" time="0.003" classname="com.music.allureTest.DataDrivenInvoke"/>
  <testcase name="f" time="0.003" classname="com.music.allureTest.DataDrivenInvoke"/>
  <testcase name="f" time="0.002" classname="com.music.allureTest.DataDrivenInvoke"/>
  <testcase name="f" time="0.003" classname="com.music.allureTest.DataDrivenInvoke"/>
  <testcase name="f" time="0.003" classname="com.music.allureTest.DataDrivenInvoke"/>
  <testcase name="f" time="0.002" classname="com.music.allureTest.DataDrivenInvoke"/>
  <testcase name="f" time="0.003" classname="com.music.allureTest.DataDrivenInvoke"/>
  <testcase name="f" time="0.004" classname="com.music.allureTest.DataDrivenInvoke"/>
  <testcase name="f" time="0.013" classname="com.music.allureTest.DataDrivenInvoke"/>
  <testcase name="f" time="0.003" classname="com.music.allureTest.DataDrivenInvoke"/>
  <testcase name="f" time="0.003" classname="com.music.allureTest.DataDrivenInvoke"/>
  <testcase name="f" time="0.006" classname="com.music.allureTest.DataDrivenInvoke"/>
  <testcase name="f" time="0.003" classname="com.music.allureTest.DataDrivenInvoke"/>
  <testcase name="f" time="0.003" classname="com.music.allureTest.DataDrivenInvoke"/>
  <testcase name="f" time="0.003" classname="com.music.allureTest.DataDrivenInvoke"/>
  <testcase name="f" time="0.002" classname="com.music.allureTest.DataDrivenInvoke"/>
  <testcase name="f" time="0.002" classname="com.music.allureTest.DataDrivenInvoke"/>
  <testcase name="f" time="0.009" classname="com.music.allureTest.DataDrivenInvoke"/>
  <testcase name="f" time="0.002" classname="com.music.allureTest.DataDrivenInvoke"/>
  <testcase name="f" time="0.003" classname="com.music.allureTest.DataDrivenInvoke"/>
  <testcase name="f" time="0.073" classname="com.music.allureTest.DataDrivenInvoke"/>
  <testcase name="f" time="0.002" classname="com.music.allureTest.DataDrivenInvoke"/>
  <testcase name="f" time="0.003" classname="com.music.allureTest.DataDrivenInvoke"/>
  <testcase name="f" time="0.002" classname="com.music.allureTest.DataDrivenInvoke"/>
  <testcase name="f" time="0.003" classname="com.music.allureTest.DataDrivenInvoke"/>
  <testcase name="f" time="0.006" classname="com.music.allureTest.DataDrivenInvoke"/>
  <testcase name="f" time="0.003" classname="com.music.allureTest.DataDrivenInvoke"/>
  <testcase name="f" time="0.003" classname="com.music.allureTest.DataDrivenInvoke"/>
  <testcase name="f" time="0.173" classname="com.music.allureTest.DataDrivenInvoke"/>
  <testcase name="f" time="0.012" classname="com.music.allureTest.DataDrivenInvoke"/>
  <testcase name="f" time="0.005" classname="com.music.allureTest.DataDrivenInvoke"/>
  <testcase name="f" time="0.002" classname="com.music.allureTest.DataDrivenInvoke"/>
  <testcase name="f" time="0.003" classname="com.music.allureTest.DataDrivenInvoke"/>
  <testcase name="f" time="0.002" classname="com.music.allureTest.DataDrivenInvoke"/>
  <testcase name="f" time="0.003" classname="com.music.allureTest.DataDrivenInvoke"/>
  <testcase name="f" time="0.003" classname="com.music.allureTest.DataDrivenInvoke"/>
  <testcase name="f" time="0.003" classname="com.music.allureTest.DataDrivenInvoke"/>
  <testcase name="f" time="0.004" classname="com.music.allureTest.DataDrivenInvoke"/>
</testsuite> <!-- com.music.allureTest.DataDrivenInvoke -->
